<?xml version="1.0" encoding="UTF-8"?>
<beans xmlns="http://www.springframework.org/schema/beans"
	xmlns:xsi="http://www.w3.org/2001/XMLSchema-instance"
	xmlns:jdbc="http://www.springframework.org/schema/jdbc"
	xsi:schemaLocation="http://www.springframework.org/schema/beans http://www.springframework.org/schema/beans/spring-beans-3.0.xsd
		http://www.springframework.org/schema/jdbc http://www.springframework.org/schema/jdbc/spring-jdbc-3.0.xsd">

	<jdbc:embedded-database id="dataSource"  />
	
	
		
	<bean id="sessionFactory" class="org.springframework.orm.hibernate3.annotation.AnnotationSessionFactoryBean">
		<property name="dataSource" ref="dataSource"/>
		<property name="packagesToScan" value="com.tidyslice.dipcrawler.domain"/>
		<property name="hibernateProperties">
			<value>
				hibernate.format_sql=true
				hibernate.show_sql=false
				hibernate.hbm2ddl.auto=create-drop
				hibernate.dialect=org.hibernate.dialect.HSQLDialect
				
			</value>
		</property>
	</bean>	
	
	
		
		
</beans>
